2025-07-12 00:12:47 [@glpi]
Interno #1: Ejecutar contract
2025-07-12 00:14:02 [@glpi]
Externo #1: Ejecutar PurgeLogs
2025-07-12 00:14:02 [@glpi]
Externo #2: Ejecutar checkAllUpdates
2025-07-12 00:14:02 [@glpi]
Externo #3: Ejecutar DomainsAlert
2025-07-12 00:14:02 [@glpi]
Externo #4: Ejecutar cleanorphans
2025-07-12 00:14:02 [@glpi]
Externo #5: Ejecutar pendingreason_autobump_autosolve
2025-07-12 00:14:27 [@glpi]
Interno #1: Ejecutar infocom
2025-07-12 00:16:02 [@glpi]
Externo #1: Ejecutar Cleanoldagents
2025-07-12 00:18:02 [@glpi]
Externo #1: Nada para ejecutar
2025-07-12 00:20:02 [@glpi]
Externo #1: Nada para ejecutar
2025-07-12 00:22:02 [@glpi]
Externo #1: Nada para ejecutar
2025-07-12 00:24:02 [@glpi]
Externo #1: Nada para ejecutar
2025-07-12 00:26:02 [@glpi]
Externo #1: Nada para ejecutar
2025-07-12 00:28:02 [@glpi]
Externo #1: Nada para ejecutar
2025-07-12 00:30:02 [@glpi]
Externo #1: Nada para ejecutar
2025-07-12 00:32:02 [@glpi]
Externo #1: Nada para ejecutar
2025-07-12 00:34:02 [@glpi]
Externo #1: Nada para ejecutar
2025-07-12 00:36:02 [@glpi]
Externo #1: Nada para ejecutar
2025-07-14 15:26:01 [@glpi]
Externo #1: Ejecutar pendingreason_autobump_autosolve
2025-07-14 15:26:01 [@glpi]
Externo #2: Ejecutar checkAllUpdates
2025-07-14 15:26:01 [@glpi]
Externo #3: Ejecutar DomainsAlert
2025-07-14 15:26:01 [@glpi]
Externo #4: Ejecutar Cleanoldagents
2025-07-14 15:28:01 [@glpi]
Externo #1: Nada para ejecutar
2025-07-14 15:30:01 [@glpi]
Externo #1: Nada para ejecutar
2025-07-14 15:32:01 [@glpi]
Externo #1: Nada para ejecutar
2025-07-14 15:34:01 [@glpi]
Externo #1: Nada para ejecutar
2025-07-14 15:36:01 [@glpi]
Externo #1: Nada para ejecutar
2025-07-14 15:38:01 [@glpi]
Externo #1: Nada para ejecutar
2025-07-14 15:40:01 [@glpi]
Externo #1: Nada para ejecutar
2025-07-14 15:42:01 [@glpi]
Externo #1: Nada para ejecutar
2025-07-14 15:44:01 [@glpi]
Externo #1: Nada para ejecutar
2025-07-14 15:46:01 [@glpi]
Externo #1: Nada para ejecutar
2025-07-14 15:48:01 [@glpi]
Externo #1: Nada para ejecutar
2025-07-14 15:50:01 [@glpi]
Externo #1: Nada para ejecutar
2025-07-14 15:52:01 [@glpi]
Externo #1: Nada para ejecutar
2025-07-14 15:54:01 [@glpi]
Externo #1: Nada para ejecutar
2025-07-14 15:56:01 [@glpi]
Externo #1: Ejecutar pendingreason_autobump_autosolve
2025-07-14 15:58:01 [@glpi]
Externo #1: Nada para ejecutar
2025-07-14 16:00:01 [@glpi]
Externo #1: Nada para ejecutar
2025-07-14 16:02:01 [@glpi]
Externo #1: Nada para ejecutar
2025-07-14 16:04:01 [@glpi]
Externo #1: Nada para ejecutar
2025-07-14 16:06:01 [@glpi]
Externo #1: Nada para ejecutar
2025-07-14 16:08:01 [@glpi]
Externo #1: Nada para ejecutar
2025-07-14 16:10:01 [@glpi]
Externo #1: Nada para ejecutar
2025-07-14 16:12:01 [@glpi]
Externo #1: Nada para ejecutar
2025-07-14 16:14:01 [@glpi]
Externo #1: Nada para ejecutar
2025-07-14 16:16:01 [@glpi]
Externo #1: Nada para ejecutar
2025-07-14 16:18:01 [@glpi]
Externo #1: Nada para ejecutar
2025-07-14 16:20:01 [@glpi]
Externo #1: Nada para ejecutar
2025-07-14 16:22:01 [@glpi]
Externo #1: Nada para ejecutar
2025-07-14 16:24:01 [@glpi]
Externo #1: Nada para ejecutar
2025-07-14 16:26:01 [@glpi]
Externo #1: Ejecutar pendingreason_autobump_autosolve
2025-07-14 16:28:01 [@glpi]
Externo #1: Nada para ejecutar
2025-07-14 16:28:41 [2@glpi]
Interno #1: Ejecutar mailgate
2025-07-14 16:30:01 [@glpi]
Externo #1: Nada para ejecutar
2025-07-14 16:32:01 [@glpi]
Externo #1: Nada para ejecutar
2025-07-14 16:34:01 [@glpi]
Externo #1: Nada para ejecutar
2025-07-14 16:36:01 [@glpi]
Externo #1: Nada para ejecutar
2025-07-14 16:38:01 [@glpi]
Externo #1: Nada para ejecutar
2025-07-14 16:40:02 [@glpi]
Externo #1: Nada para ejecutar
2025-07-14 16:42:02 [@glpi]
Externo #1: Nada para ejecutar
2025-07-14 16:44:02 [@glpi]
Externo #1: Nada para ejecutar
2025-07-14 16:46:02 [@glpi]
Externo #1: Nada para ejecutar
2025-07-14 16:48:02 [@glpi]
Externo #1: Nada para ejecutar
2025-07-14 16:50:02 [@glpi]
Externo #1: Nada para ejecutar
2025-07-14 16:52:02 [@glpi]
Externo #1: Nada para ejecutar
2025-07-14 16:54:02 [@glpi]
Externo #1: Nada para ejecutar
2025-07-14 16:56:02 [@glpi]
Externo #1: Ejecutar pendingreason_autobump_autosolve
2025-07-14 16:58:02 [@glpi]
Externo #1: Nada para ejecutar
2025-07-14 17:00:02 [@glpi]
Externo #1: Nada para ejecutar
2025-07-14 17:02:02 [@glpi]
Externo #1: Nada para ejecutar
2025-07-14 17:04:02 [@glpi]
Externo #1: Nada para ejecutar
2025-07-14 17:06:02 [@glpi]
Externo #1: Nada para ejecutar
2025-07-14 17:08:02 [@glpi]
Externo #1: Nada para ejecutar
2025-07-14 17:10:01 [@glpi]
Externo #1: Nada para ejecutar
2025-07-14 17:12:01 [@glpi]
Externo #1: Nada para ejecutar
2025-07-14 17:14:01 [@glpi]
Externo #1: Nada para ejecutar
2025-07-14 17:16:01 [@glpi]
Externo #1: Nada para ejecutar
2025-07-14 17:18:01 [@glpi]
Externo #1: Nada para ejecutar
2025-07-14 17:20:01 [@glpi]
Externo #1: Nada para ejecutar
2025-07-14 17:22:01 [@glpi]
Externo #1: Nada para ejecutar
2025-07-14 17:24:01 [@glpi]
Externo #1: Nada para ejecutar
2025-07-14 17:26:01 [@glpi]
Externo #1: Ejecutar pendingreason_autobump_autosolve
2025-07-14 17:28:01 [@glpi]
Externo #1: Nada para ejecutar
2025-07-14 17:30:01 [@glpi]
Externo #1: Nada para ejecutar
2025-07-14 17:32:01 [@glpi]
Externo #1: Nada para ejecutar
2025-07-14 17:46:01 [@glpi]
Externo #1: Nada para ejecutar
2025-07-14 17:48:01 [@glpi]
Externo #1: Nada para ejecutar
2025-07-14 17:50:01 [@glpi]
Externo #1: Nada para ejecutar
2025-07-14 17:52:01 [@glpi]
Externo #1: Nada para ejecutar
2025-07-14 17:54:01 [@glpi]
Externo #1: Nada para ejecutar
2025-07-14 17:56:01 [@glpi]
Externo #1: Ejecutar pendingreason_autobump_autosolve
2025-07-14 17:58:01 [@glpi]
Externo #1: Nada para ejecutar
2025-07-14 18:00:01 [@glpi]
Externo #1: Nada para ejecutar
2025-07-14 18:02:01 [@glpi]
Externo #1: Nada para ejecutar
2025-07-14 18:04:01 [@glpi]
Externo #1: Nada para ejecutar
2025-07-14 18:06:01 [@glpi]
Externo #1: Nada para ejecutar
2025-07-14 18:08:01 [@glpi]
Externo #1: Nada para ejecutar
2025-07-14 18:10:01 [@glpi]
Externo #1: Nada para ejecutar
2025-07-14 18:12:01 [@glpi]
Externo #1: Nada para ejecutar
2025-07-14 18:14:01 [@glpi]
Externo #1: Nada para ejecutar
2025-07-14 18:16:01 [@glpi]
Externo #1: Nada para ejecutar
2025-07-14 18:18:01 [@glpi]
Externo #1: Nada para ejecutar
2025-07-14 18:20:01 [@glpi]
Externo #1: Nada para ejecutar
2025-07-14 18:22:01 [@glpi]
Externo #1: Nada para ejecutar
2025-07-14 18:24:01 [@glpi]
Externo #1: Nada para ejecutar
2025-07-14 18:26:01 [@glpi]
Externo #1: Ejecutar pendingreason_autobump_autosolve
2025-07-14 18:28:01 [@glpi]
Externo #1: Nada para ejecutar
2025-07-14 18:30:01 [@glpi]
Externo #1: Nada para ejecutar
2025-07-15 23:43:26 [@glpi]
Interno #1: Ejecutar session
2025-07-15 23:44:01 [@glpi]
Externo #1: Ejecutar pendingreason_autobump_autosolve
2025-07-15 23:44:01 [@glpi]
Externo #2: Ejecutar checkAllUpdates
2025-07-15 23:44:01 [@glpi]
Externo #3: Ejecutar DomainsAlert
2025-07-15 23:44:01 [@glpi]
Externo #4: Ejecutar Cleanoldagents
2025-07-15 23:45:21 [@glpi]
Interno #1: Ejecutar graph
2025-07-15 23:46:01 [@glpi]
Externo #1: Nada para ejecutar
2025-07-15 23:48:01 [@glpi]
Externo #1: Nada para ejecutar
2025-07-15 23:50:01 [@glpi]
Externo #1: Nada para ejecutar
2025-07-15 23:51:15 [2@glpi]
Interno #1: Ejecutar reservation
2025-07-15 23:52:01 [@glpi]
Externo #1: Nada para ejecutar
2025-07-15 23:54:01 [@glpi]
Externo #1: Nada para ejecutar
2025-07-15 23:56:01 [@glpi]
Externo #1: Nada para ejecutar
2025-07-15 23:56:15 [2@glpi]
Interno #1: Ejecutar closeticket
2025-07-15 23:58:01 [@glpi]
Externo #1: Nada para ejecutar
2025-07-16 00:00:01 [@glpi]
Externo #1: Nada para ejecutar
2025-07-16 00:02:01 [@glpi]
Externo #1: Nada para ejecutar
2025-07-16 00:04:01 [@glpi]
Externo #1: Nada para ejecutar
2025-07-16 00:06:01 [@glpi]
Externo #1: Nada para ejecutar
2025-07-16 00:08:01 [@glpi]
Externo #1: Nada para ejecutar
2025-07-16 00:10:01 [@glpi]
Externo #1: Nada para ejecutar
2025-07-16 00:12:01 [@glpi]
Externo #1: Nada para ejecutar
2025-07-16 00:14:01 [@glpi]
Externo #1: Ejecutar pendingreason_autobump_autosolve
2025-07-16 00:16:01 [@glpi]
Externo #1: Nada para ejecutar
2025-07-16 00:18:01 [@glpi]
Externo #1: Nada para ejecutar
2025-07-16 00:20:01 [@glpi]
Externo #1: Nada para ejecutar
2025-07-16 00:22:01 [@glpi]
Externo #1: Nada para ejecutar
2025-07-16 00:24:01 [@glpi]
Externo #1: Nada para ejecutar
2025-07-16 00:26:01 [@glpi]
Externo #1: Nada para ejecutar
2025-07-16 00:28:01 [@glpi]
Externo #1: Nada para ejecutar
2025-07-16 00:30:01 [@glpi]
Externo #1: Nada para ejecutar
2025-07-16 00:32:01 [@glpi]
Externo #1: Nada para ejecutar
2025-07-16 00:34:01 [@glpi]
Externo #1: Nada para ejecutar
2025-07-16 00:36:02 [@glpi]
Externo #1: Nada para ejecutar
2025-07-16 00:38:02 [@glpi]
Externo #1: Nada para ejecutar
2025-07-16 00:40:01 [@glpi]
Externo #1: Nada para ejecutar
2025-07-16 00:42:01 [@glpi]
Externo #1: Nada para ejecutar
2025-07-16 00:44:01 [@glpi]
Externo #1: Ejecutar pendingreason_autobump_autosolve
2025-07-16 00:46:01 [@glpi]
Externo #1: Nada para ejecutar
2025-07-16 00:48:01 [@glpi]
Externo #1: Nada para ejecutar
2025-07-16 00:50:01 [@glpi]
Externo #1: Nada para ejecutar
2025-07-16 00:52:01 [@glpi]
Externo #1: Nada para ejecutar
2025-07-16 00:54:01 [@glpi]
Externo #1: Nada para ejecutar
2025-07-16 00:56:01 [@glpi]
Externo #1: Nada para ejecutar
2025-07-16 00:58:01 [@glpi]
Externo #1: Nada para ejecutar
2025-07-16 01:00:01 [@glpi]
Externo #1: Nada para ejecutar
2025-07-16 01:02:01 [@glpi]
Externo #1: Nada para ejecutar
2025-07-16 01:04:01 [@glpi]
Externo #1: Nada para ejecutar
2025-07-16 01:06:01 [@glpi]
Externo #1: Nada para ejecutar
2025-07-16 01:08:01 [@glpi]
Externo #1: Nada para ejecutar
2025-07-16 01:14:51 [@glpi]
No se puede bloquear la Base de Datos
2025-07-16 01:14:51 [@glpi]
No se puede bloquear la Base de Datos
2025-07-16 01:14:51 [@glpi]
Externo #1: Ejecutar pendingreason_autobump_autosolve
2025-07-16 01:16:02 [@glpi]
Externo #1: Nada para ejecutar
2025-07-16 01:18:02 [@glpi]
Externo #1: Nada para ejecutar
2025-07-16 01:20:02 [@glpi]
Externo #1: Nada para ejecutar
2025-07-16 01:22:01 [@glpi]
Externo #1: Nada para ejecutar
2025-07-16 01:24:01 [@glpi]
Externo #1: Nada para ejecutar
2025-07-16 01:26:01 [@glpi]
Externo #1: Nada para ejecutar
2025-07-16 01:28:01 [@glpi]
Externo #1: Nada para ejecutar
2025-07-16 01:30:01 [@glpi]
Externo #1: Nada para ejecutar
2025-07-16 01:32:01 [@glpi]
Externo #1: Nada para ejecutar
2025-07-16 01:34:01 [@glpi]
Externo #1: Nada para ejecutar
2025-07-16 01:36:01 [@glpi]
Externo #1: Nada para ejecutar
2025-07-16 01:38:01 [@glpi]
Externo #1: Nada para ejecutar
2025-07-16 01:40:01 [@glpi]
Externo #1: Nada para ejecutar
2025-07-16 01:42:01 [@glpi]
Externo #1: Nada para ejecutar
2025-07-16 01:44:01 [@glpi]
Externo #1: Ejecutar pendingreason_autobump_autosolve
2025-07-16 01:46:01 [@glpi]
Externo #1: Nada para ejecutar
2025-07-16 01:48:01 [@glpi]
Externo #1: Nada para ejecutar
2025-07-16 01:50:01 [@glpi]
Externo #1: Nada para ejecutar
2025-07-16 01:52:01 [@glpi]
Externo #1: Nada para ejecutar
2025-07-16 01:54:01 [@glpi]
Externo #1: Nada para ejecutar
2025-07-16 01:56:01 [@glpi]
Externo #1: Nada para ejecutar
2025-07-16 01:58:01 [@glpi]
Externo #1: Nada para ejecutar
2025-07-16 02:00:01 [@glpi]
Externo #1: Nada para ejecutar
2025-07-16 02:02:01 [@glpi]
Externo #1: Nada para ejecutar
2025-07-16 02:04:01 [@glpi]
Externo #1: Nada para ejecutar
2025-07-16 02:06:01 [@glpi]
Externo #1: Nada para ejecutar
2025-07-16 02:08:01 [@glpi]
Externo #1: Nada para ejecutar
2025-07-16 02:10:01 [@glpi]
Externo #1: Nada para ejecutar
2025-07-16 02:12:01 [@glpi]
Externo #1: Nada para ejecutar
2025-07-16 02:14:01 [@glpi]
Externo #1: Ejecutar pendingreason_autobump_autosolve
2025-07-16 02:16:01 [@glpi]
Externo #1: Nada para ejecutar
2025-07-16 02:18:01 [@glpi]
Externo #1: Nada para ejecutar
2025-07-16 02:20:01 [@glpi]
Externo #1: Nada para ejecutar
2025-07-16 02:22:01 [@glpi]
Externo #1: Nada para ejecutar
2025-07-16 02:24:01 [@glpi]
Externo #1: Nada para ejecutar
2025-07-16 02:26:01 [@glpi]
Externo #1: Nada para ejecutar
2025-07-16 02:28:01 [@glpi]
Externo #1: Nada para ejecutar
2025-07-16 02:30:01 [@glpi]
Externo #1: Nada para ejecutar
2025-07-16 02:32:01 [@glpi]
Externo #1: Nada para ejecutar
2025-07-16 02:34:01 [@glpi]
Externo #1: Nada para ejecutar
2025-07-16 02:36:01 [@glpi]
Externo #1: Nada para ejecutar
2025-07-16 02:38:01 [@glpi]
Externo #1: Nada para ejecutar
2025-07-16 02:40:01 [@glpi]
Externo #1: Nada para ejecutar
2025-07-16 02:42:01 [@glpi]
Externo #1: Nada para ejecutar
2025-07-16 02:44:01 [@glpi]
Externo #1: Ejecutar pendingreason_autobump_autosolve
2025-07-16 02:46:01 [@glpi]
Externo #1: Nada para ejecutar
2025-07-16 02:48:01 [@glpi]
Externo #1: Nada para ejecutar
2025-07-16 02:50:01 [@glpi]
Externo #1: Nada para ejecutar
2025-07-16 02:52:01 [@glpi]
Externo #1: Nada para ejecutar
2025-07-16 02:54:01 [@glpi]
Externo #1: Nada para ejecutar
2025-07-16 02:56:01 [@glpi]
Externo #1: Nada para ejecutar
2025-07-16 02:58:01 [@glpi]
Externo #1: Nada para ejecutar
2025-07-16 03:00:01 [@glpi]
Externo #1: Nada para ejecutar
2025-07-16 03:02:01 [@glpi]
Externo #1: Nada para ejecutar
2025-07-16 03:04:01 [@glpi]
Externo #1: Nada para ejecutar
2025-07-16 03:06:01 [@glpi]
Externo #1: Nada para ejecutar
2025-07-16 03:08:01 [@glpi]
Externo #1: Nada para ejecutar
2025-07-16 03:10:01 [@glpi]
Externo #1: Nada para ejecutar
2025-07-16 03:12:01 [@glpi]
Externo #1: Nada para ejecutar
2025-07-16 03:14:01 [@glpi]
Externo #1: Ejecutar pendingreason_autobump_autosolve
2025-07-16 03:16:01 [@glpi]
Externo #1: Nada para ejecutar
2025-07-16 03:18:01 [@glpi]
Externo #1: Nada para ejecutar
2025-07-16 03:20:01 [@glpi]
Externo #1: Nada para ejecutar
2025-07-16 03:22:01 [@glpi]
Externo #1: Nada para ejecutar
2025-07-16 03:24:01 [@glpi]
Externo #1: Nada para ejecutar
2025-07-16 03:26:01 [@glpi]
Externo #1: Nada para ejecutar
2025-07-16 03:28:01 [@glpi]
Externo #1: Nada para ejecutar
2025-07-16 03:30:01 [@glpi]
Externo #1: Nada para ejecutar
2025-07-16 03:32:01 [@glpi]
Externo #1: Nada para ejecutar
2025-07-16 03:34:01 [@glpi]
Externo #1: Nada para ejecutar
2025-07-16 03:36:01 [@glpi]
Externo #1: Nada para ejecutar
2025-07-16 03:38:01 [@glpi]
Externo #1: Nada para ejecutar
2025-07-16 03:40:01 [@glpi]
Externo #1: Nada para ejecutar
2025-07-16 03:42:01 [@glpi]
Externo #1: Nada para ejecutar
2025-07-16 03:44:01 [@glpi]
Externo #1: Ejecutar pendingreason_autobump_autosolve
2025-07-16 03:46:01 [@glpi]
Externo #1: Nada para ejecutar
2025-07-16 03:48:01 [@glpi]
Externo #1: Nada para ejecutar
2025-07-16 03:50:01 [@glpi]
Externo #1: Nada para ejecutar
2025-07-16 03:52:01 [@glpi]
Externo #1: Nada para ejecutar
2025-07-16 03:54:01 [@glpi]
Externo #1: Nada para ejecutar
2025-07-16 03:56:01 [@glpi]
Externo #1: Nada para ejecutar
2025-07-16 03:58:01 [@glpi]
Externo #1: Nada para ejecutar
2025-07-16 04:00:02 [@glpi]
Externo #1: Nada para ejecutar
2025-07-16 04:02:02 [@glpi]
Externo #1: Nada para ejecutar
2025-07-16 04:04:02 [@glpi]
Externo #1: Nada para ejecutar
2025-07-16 04:06:02 [@glpi]
Externo #1: Nada para ejecutar
2025-07-16 04:08:02 [@glpi]
Externo #1: Nada para ejecutar
2025-07-16 04:10:01 [@glpi]
Externo #1: Nada para ejecutar
2025-07-16 04:12:01 [@glpi]
Externo #1: Nada para ejecutar
2025-07-16 04:14:01 [@glpi]
Externo #1: Ejecutar pendingreason_autobump_autosolve
2025-07-16 04:16:01 [@glpi]
Externo #1: Nada para ejecutar
2025-07-16 04:18:01 [@glpi]
Externo #1: Nada para ejecutar
2025-07-16 04:20:01 [@glpi]
Externo #1: Nada para ejecutar
2025-07-16 04:22:01 [@glpi]
Externo #1: Nada para ejecutar
2025-07-16 04:24:01 [@glpi]
Externo #1: Nada para ejecutar
2025-07-16 04:26:01 [@glpi]
Externo #1: Nada para ejecutar
2025-07-16 04:28:01 [@glpi]
Externo #1: Nada para ejecutar
2025-07-16 04:30:01 [@glpi]
Externo #1: Nada para ejecutar
2025-07-16 04:32:01 [@glpi]
Externo #1: Nada para ejecutar
2025-07-16 04:34:01 [@glpi]
Externo #1: Nada para ejecutar
2025-07-16 04:36:01 [@glpi]
Externo #1: Nada para ejecutar
2025-07-16 04:38:01 [@glpi]
Externo #1: Nada para ejecutar
2025-07-16 04:40:01 [@glpi]
Externo #1: Nada para ejecutar
2025-07-16 04:42:01 [@glpi]
Externo #1: Nada para ejecutar
2025-07-16 04:44:01 [@glpi]
Externo #1: Ejecutar pendingreason_autobump_autosolve
2025-07-16 04:46:01 [@glpi]
Externo #1: Nada para ejecutar
2025-07-16 04:48:01 [@glpi]
Externo #1: Nada para ejecutar
2025-07-16 04:50:01 [@glpi]
Externo #1: Nada para ejecutar
2025-07-16 15:52:01 [@glpi]
Externo #1: Ejecutar pendingreason_autobump_autosolve
2025-07-16 15:54:01 [@glpi]
Externo #1: Nada para ejecutar
2025-07-16 15:56:01 [@glpi]
Externo #1: Nada para ejecutar
2025-07-16 15:58:01 [@glpi]
Externo #1: Nada para ejecutar
2025-07-16 16:00:01 [@glpi]
Externo #1: Nada para ejecutar
2025-07-16 16:02:01 [@glpi]
Externo #1: Nada para ejecutar
2025-07-16 16:04:01 [@glpi]
Externo #1: Nada para ejecutar
2025-07-16 16:06:01 [@glpi]
Externo #1: Nada para ejecutar
2025-07-16 16:08:01 [@glpi]
Externo #1: Nada para ejecutar
2025-07-16 16:10:01 [@glpi]
Externo #1: Nada para ejecutar
2025-07-16 16:12:01 [@glpi]
Externo #1: Nada para ejecutar
2025-07-16 16:14:01 [@glpi]
Externo #1: Nada para ejecutar
2025-07-16 16:16:01 [@glpi]
Externo #1: Nada para ejecutar
2025-07-16 16:18:01 [@glpi]
Externo #1: Nada para ejecutar
2025-07-16 16:20:01 [@glpi]
Externo #1: Nada para ejecutar
2025-07-16 16:22:01 [@glpi]
Externo #1: Ejecutar pendingreason_autobump_autosolve
2025-07-16 16:24:01 [@glpi]
Externo #1: Nada para ejecutar
2025-07-16 16:26:01 [@glpi]
Externo #1: Nada para ejecutar
2025-07-16 16:28:01 [@glpi]
Externo #1: Nada para ejecutar
2025-07-16 16:30:01 [@glpi]
Externo #1: Nada para ejecutar
2025-07-16 16:32:01 [@glpi]
Externo #1: Nada para ejecutar
2025-07-16 16:34:01 [@glpi]
Externo #1: Nada para ejecutar
2025-07-16 16:36:01 [@glpi]
Externo #1: Nada para ejecutar
2025-07-16 16:38:01 [@glpi]
Externo #1: Nada para ejecutar
2025-07-16 16:40:01 [@glpi]
Externo #1: Nada para ejecutar
2025-07-16 16:42:01 [@glpi]
Externo #1: Nada para ejecutar
2025-07-16 16:44:01 [@glpi]
Externo #1: Nada para ejecutar
2025-07-16 16:46:01 [@glpi]
Externo #1: Nada para ejecutar
2025-07-16 16:48:01 [@glpi]
Externo #1: Nada para ejecutar
2025-07-16 16:50:01 [@glpi]
Externo #1: Nada para ejecutar
2025-07-16 16:52:01 [@glpi]
Externo #1: Ejecutar pendingreason_autobump_autosolve
2025-07-16 16:54:01 [@glpi]
Externo #1: Nada para ejecutar
2025-07-16 16:56:01 [@glpi]
Externo #1: Nada para ejecutar
2025-07-16 16:58:01 [@glpi]
Externo #1: Nada para ejecutar
2025-07-16 17:00:01 [@glpi]
Externo #1: Nada para ejecutar
2025-07-16 17:02:01 [@glpi]
Externo #1: Nada para ejecutar
2025-07-16 17:04:01 [@glpi]
Externo #1: Nada para ejecutar
2025-07-16 17:06:01 [@glpi]
Externo #1: Nada para ejecutar
2025-07-16 17:08:01 [@glpi]
Externo #1: Nada para ejecutar
2025-07-16 17:10:01 [@glpi]
Externo #1: Nada para ejecutar
2025-07-16 17:12:01 [@glpi]
Externo #1: Nada para ejecutar
2025-07-16 17:14:01 [@glpi]
Externo #1: Nada para ejecutar
2025-07-16 17:16:01 [@glpi]
Externo #1: Nada para ejecutar
2025-07-16 17:18:01 [@glpi]
Externo #1: Nada para ejecutar
2025-07-16 17:20:01 [@glpi]
Externo #1: Nada para ejecutar
2025-07-16 17:22:01 [@glpi]
Externo #1: Ejecutar pendingreason_autobump_autosolve
2025-07-16 17:24:01 [@glpi]
Externo #1: Nada para ejecutar
2025-07-16 17:26:01 [@glpi]
Externo #1: Nada para ejecutar
2025-07-16 17:28:01 [@glpi]
Externo #1: Nada para ejecutar
2025-07-16 17:30:01 [@glpi]
Externo #1: Nada para ejecutar
2025-07-16 17:32:01 [@glpi]
Externo #1: Nada para ejecutar
2025-07-16 17:34:01 [@glpi]
Externo #1: Nada para ejecutar
2025-07-16 17:36:01 [@glpi]
Externo #1: Nada para ejecutar
2025-07-16 17:36:27 [2@glpi]
Interno #1: Ejecutar alertnotclosed
2025-07-16 17:36:37 [@glpi]
Interno #1: Ejecutar slaticket
2025-07-16 17:38:01 [@glpi]
Externo #1: Nada para ejecutar
2025-07-16 17:40:02 [@glpi]
Externo #1: Nada para ejecutar
2025-07-16 17:42:02 [@glpi]
Externo #1: Nada para ejecutar
2025-07-16 17:44:02 [@glpi]
Externo #1: Nada para ejecutar
2025-07-16 17:46:02 [@glpi]
Externo #1: Nada para ejecutar
2025-07-16 17:48:02 [@glpi]
Externo #1: Nada para ejecutar
2025-07-16 17:50:02 [@glpi]
Externo #1: Nada para ejecutar
2025-07-16 17:52:01 [@glpi]
Externo #1: Ejecutar pendingreason_autobump_autosolve
2025-07-16 17:54:01 [@glpi]
Externo #1: Nada para ejecutar
2025-07-16 17:54:47 [@glpi]
Interno #1: Ejecutar createinquest
2025-07-16 17:56:01 [@glpi]
Externo #1: Nada para ejecutar
2025-07-16 17:58:01 [@glpi]
Externo #1: Nada para ejecutar
2025-07-16 18:00:01 [@glpi]
Externo #1: Nada para ejecutar
2025-07-16 18:02:01 [@glpi]
Externo #1: Nada para ejecutar
2025-07-16 18:04:01 [@glpi]
Externo #1: Nada para ejecutar
2025-07-16 18:06:01 [@glpi]
Externo #1: Nada para ejecutar
2025-07-16 18:08:01 [@glpi]
Externo #1: Nada para ejecutar
2025-07-16 18:10:01 [@glpi]
Externo #1: Nada para ejecutar
2025-07-16 18:10:56 [2@glpi]
Interno #1: Ejecutar watcher
2025-07-16 18:12:01 [@glpi]
Externo #1: Nada para ejecutar
2025-07-16 18:14:01 [@glpi]
Externo #1: Nada para ejecutar
2025-07-16 18:16:01 [@glpi]
Externo #1: Nada para ejecutar
2025-07-16 18:18:01 [@glpi]
Externo #1: Nada para ejecutar
2025-07-16 18:20:01 [@glpi]
Externo #1: Nada para ejecutar
2025-07-16 18:21:42 [2@glpi]
Interno #1: Ejecutar RecurrentItems
2025-07-16 18:22:01 [@glpi]
Externo #1: Ejecutar pendingreason_autobump_autosolve
2025-07-16 18:24:01 [@glpi]
Externo #1: Nada para ejecutar
2025-07-16 18:26:01 [@glpi]
Externo #1: Nada para ejecutar
2025-07-16 18:28:01 [@glpi]
Externo #1: Nada para ejecutar
2025-07-16 18:30:01 [@glpi]
Externo #1: Nada para ejecutar
2025-07-16 18:32:01 [@glpi]
Externo #1: Nada para ejecutar
2025-07-16 18:34:01 [@glpi]
Externo #1: Nada para ejecutar
2025-07-16 18:36:01 [@glpi]
Externo #1: Nada para ejecutar
2025-07-16 18:38:01 [@glpi]
Externo #1: Nada para ejecutar
2025-07-16 18:40:01 [@glpi]
Externo #1: Nada para ejecutar
2025-07-16 18:42:01 [@glpi]
Externo #1: Nada para ejecutar
2025-07-16 18:44:01 [@glpi]
Externo #1: Nada para ejecutar
2025-07-16 18:46:01 [@glpi]
Externo #1: Nada para ejecutar
2025-07-16 18:48:01 [@glpi]
Externo #1: Nada para ejecutar
2025-07-16 18:50:01 [@glpi]
Externo #1: Nada para ejecutar
2025-07-16 18:52:01 [@glpi]
Externo #1: Ejecutar pendingreason_autobump_autosolve
2025-07-16 18:54:01 [@glpi]
Externo #1: Nada para ejecutar
2025-07-16 18:56:01 [@glpi]
Externo #1: Nada para ejecutar
2025-07-16 18:58:01 [@glpi]
Externo #1: Nada para ejecutar
2025-07-16 19:00:20 [@glpi]
Externo #1: Nada para ejecutar
2025-07-16 19:00:38 [2@glpi]
Interno #1: Ejecutar planningrecall
2025-07-16 19:02:01 [@glpi]
Externo #1: Nada para ejecutar
2025-07-16 19:04:01 [@glpi]
Externo #1: Nada para ejecutar
2025-07-16 19:06:01 [@glpi]
Externo #1: Nada para ejecutar
2025-07-16 19:08:01 [@glpi]
Externo #1: Nada para ejecutar
2025-07-16 19:10:02 [@glpi]
Externo #1: Nada para ejecutar
2025-07-16 19:12:02 [@glpi]
Externo #1: Nada para ejecutar
2025-07-16 19:14:02 [@glpi]
Externo #1: Nada para ejecutar
2025-07-16 19:16:02 [@glpi]
Externo #1: Nada para ejecutar
2025-07-16 19:17:20 [2@glpi]
Interno #1: Ejecutar queuednotification
2025-07-16 19:18:01 [@glpi]
Externo #1: Nada para ejecutar
2025-07-16 19:20:01 [@glpi]
Externo #1: Nada para ejecutar
2025-07-16 19:22:01 [@glpi]
Externo #1: Ejecutar pendingreason_autobump_autosolve
2025-07-16 19:24:01 [@glpi]
Externo #1: Nada para ejecutar
2025-07-16 19:26:01 [@glpi]
Externo #1: Nada para ejecutar
2025-07-16 19:28:01 [@glpi]
Externo #1: Nada para ejecutar
2025-07-16 19:30:01 [@glpi]
Externo #1: Nada para ejecutar
2025-07-16 19:32:01 [@glpi]
Externo #1: Nada para ejecutar
2025-07-16 19:34:01 [@glpi]
Externo #1: Nada para ejecutar
2025-07-16 19:36:01 [@glpi]
Externo #1: Nada para ejecutar
2025-07-16 19:38:01 [@glpi]
Externo #1: Nada para ejecutar
2025-07-16 19:40:01 [@glpi]
Externo #1: Nada para ejecutar
2025-07-16 19:42:01 [@glpi]
Externo #1: Nada para ejecutar
2025-07-16 19:43:08 [2@glpi]
Interno #1: Ejecutar queuednotificationclean
2025-07-16 19:44:01 [@glpi]
Externo #1: Nada para ejecutar
2025-07-16 19:46:01 [@glpi]
Externo #1: Nada para ejecutar
2025-07-16 19:48:01 [@glpi]
Externo #1: Nada para ejecutar
2025-07-16 19:50:01 [@glpi]
Externo #1: Nada para ejecutar
2025-07-16 19:52:01 [@glpi]
Externo #1: Ejecutar pendingreason_autobump_autosolve
2025-07-16 19:54:01 [@glpi]
Externo #1: Nada para ejecutar
2025-07-16 19:56:01 [@glpi]
Externo #1: Nada para ejecutar
2025-07-16 19:58:01 [@glpi]
Externo #1: Nada para ejecutar
2025-07-16 20:00:01 [@glpi]
Externo #1: Nada para ejecutar
2025-07-16 20:02:01 [@glpi]
Externo #1: Nada para ejecutar
2025-07-16 20:04:01 [@glpi]
Externo #1: Nada para ejecutar
2025-07-16 21:00:01 [@glpi]
Externo #1: Ejecutar pendingreason_autobump_autosolve
2025-07-16 21:02:01 [@glpi]
Externo #1: Nada para ejecutar
2025-07-16 21:04:01 [@glpi]
Externo #1: Nada para ejecutar
2025-07-16 21:06:01 [@glpi]
Externo #1: Nada para ejecutar
2025-07-16 21:08:01 [@glpi]
Externo #1: Nada para ejecutar
2025-07-16 21:10:01 [@glpi]
Externo #1: Nada para ejecutar
2025-07-16 21:12:01 [@glpi]
Externo #1: Nada para ejecutar
2025-07-16 21:14:01 [@glpi]
Externo #1: Nada para ejecutar
2025-07-16 21:16:01 [@glpi]
Externo #1: Nada para ejecutar
2025-07-16 21:18:01 [@glpi]
Externo #1: Nada para ejecutar
2025-07-16 21:20:01 [@glpi]
Externo #1: Nada para ejecutar
2025-07-16 21:22:01 [@glpi]
Externo #1: Nada para ejecutar
2025-07-16 21:24:01 [@glpi]
Externo #1: Nada para ejecutar
2025-07-16 21:26:01 [@glpi]
Externo #1: Nada para ejecutar
2025-07-16 21:28:01 [@glpi]
Externo #1: Nada para ejecutar
2025-07-16 21:30:01 [@glpi]
Externo #1: Ejecutar pendingreason_autobump_autosolve
2025-07-16 21:32:01 [@glpi]
Externo #1: Nada para ejecutar
2025-07-16 21:34:01 [@glpi]
Externo #1: Nada para ejecutar
2025-07-16 21:36:01 [@glpi]
Externo #1: Nada para ejecutar
2025-07-16 21:38:01 [@glpi]
Externo #1: Nada para ejecutar
2025-07-16 21:40:01 [@glpi]
Externo #1: Nada para ejecutar
2025-07-16 21:42:01 [@glpi]
Externo #1: Nada para ejecutar
2025-07-16 21:44:01 [@glpi]
Externo #1: Nada para ejecutar
2025-07-16 21:46:01 [@glpi]
Externo #1: Nada para ejecutar
2025-07-16 21:48:01 [@glpi]
Externo #1: Nada para ejecutar
2025-07-16 21:50:01 [@glpi]
Externo #1: Nada para ejecutar
2025-07-16 21:52:01 [@glpi]
Externo #1: Nada para ejecutar
2025-07-16 21:54:01 [@glpi]
Externo #1: Nada para ejecutar
2025-07-16 21:56:01 [@glpi]
Externo #1: Nada para ejecutar
2025-07-16 21:58:01 [@glpi]
Externo #1: Nada para ejecutar
2025-07-16 22:00:01 [@glpi]
Externo #1: Ejecutar pendingreason_autobump_autosolve
2025-07-16 22:02:01 [@glpi]
Externo #1: Nada para ejecutar
2025-07-16 22:04:01 [@glpi]
Externo #1: Nada para ejecutar
2025-07-16 22:06:01 [@glpi]
Externo #1: Nada para ejecutar
2025-07-16 22:08:01 [@glpi]
Externo #1: Nada para ejecutar
2025-07-16 22:10:01 [@glpi]
Externo #1: Nada para ejecutar
2025-07-16 22:12:01 [@glpi]
Externo #1: Nada para ejecutar
2025-07-16 22:14:01 [@glpi]
Externo #1: Nada para ejecutar
2025-07-16 22:16:01 [@glpi]
Externo #1: Nada para ejecutar
2025-07-16 22:18:01 [@glpi]
Externo #1: Nada para ejecutar
2025-07-17 15:00:36 [@glpi]
Externo #1: Ejecutar pendingreason_autobump_autosolve
2025-07-17 15:00:36 [@glpi]
Externo #2: Ejecutar checkAllUpdates
2025-07-17 15:00:36 [@glpi]
Externo #3: Ejecutar DomainsAlert
2025-07-17 15:00:36 [@glpi]
Externo #4: Ejecutar Cleanoldagents
2025-07-17 15:02:01 [@glpi]
Externo #1: Nada para ejecutar
2025-07-17 15:04:01 [@glpi]
Externo #1: Nada para ejecutar
2025-07-17 15:06:01 [@glpi]
Externo #1: Nada para ejecutar
2025-07-17 15:08:01 [@glpi]
Externo #1: Nada para ejecutar
2025-07-17 15:10:01 [@glpi]
Externo #1: Nada para ejecutar
2025-07-17 15:12:01 [@glpi]
Externo #1: Nada para ejecutar
2025-07-17 15:14:01 [@glpi]
Externo #1: Nada para ejecutar
2025-07-17 15:16:01 [@glpi]
Externo #1: Nada para ejecutar
2025-07-17 15:18:01 [@glpi]
Externo #1: Nada para ejecutar
2025-07-17 15:20:01 [@glpi]
Externo #1: Nada para ejecutar
2025-07-17 15:22:01 [@glpi]
Externo #1: Nada para ejecutar
2025-07-17 15:24:01 [@glpi]
Externo #1: Nada para ejecutar
2025-07-17 15:26:01 [@glpi]
Externo #1: Nada para ejecutar
2025-07-17 15:28:01 [@glpi]
Externo #1: Nada para ejecutar
2025-07-17 15:30:01 [@glpi]
Externo #1: Ejecutar pendingreason_autobump_autosolve
2025-07-17 15:32:01 [@glpi]
Externo #1: Nada para ejecutar
2025-07-17 15:34:01 [@glpi]
Externo #1: Nada para ejecutar
2025-07-17 15:36:01 [@glpi]
Externo #1: Nada para ejecutar
2025-07-17 15:38:01 [@glpi]
Externo #1: Nada para ejecutar
2025-07-17 15:40:01 [@glpi]
Externo #1: Nada para ejecutar
2025-07-17 15:42:01 [@glpi]
Externo #1: Nada para ejecutar
2025-07-17 15:44:01 [@glpi]
Externo #1: Nada para ejecutar
2025-07-17 15:46:01 [@glpi]
Externo #1: Nada para ejecutar
2025-07-17 15:47:27 [2@glpi]
Interno #1: Ejecutar temp
2025-07-17 15:48:01 [@glpi]
Externo #1: Nada para ejecutar
2025-07-17 15:50:01 [@glpi]
Externo #1: Nada para ejecutar
2025-07-17 15:52:01 [@glpi]
Externo #1: Nada para ejecutar
2025-07-17 15:54:01 [@glpi]
Externo #1: Nada para ejecutar
2025-07-17 15:56:01 [@glpi]
Externo #1: Nada para ejecutar
2025-07-17 15:58:01 [@glpi]
Externo #1: Nada para ejecutar
2025-07-17 16:00:01 [@glpi]
Externo #1: Ejecutar pendingreason_autobump_autosolve
2025-07-17 16:02:01 [@glpi]
Externo #1: Nada para ejecutar
2025-07-17 16:04:01 [@glpi]
Externo #1: Nada para ejecutar
2025-07-17 16:06:01 [@glpi]
Externo #1: Nada para ejecutar
2025-07-17 16:08:01 [@glpi]
Externo #1: Nada para ejecutar
2025-07-17 16:10:02 [@glpi]
Externo #1: Nada para ejecutar
2025-07-17 16:12:02 [@glpi]
Externo #1: Nada para ejecutar
2025-07-17 16:14:02 [@glpi]
Externo #1: Nada para ejecutar
2025-07-17 16:16:02 [@glpi]
Externo #1: Nada para ejecutar
2025-07-17 16:18:02 [@glpi]
Externo #1: Nada para ejecutar
2025-07-17 16:20:02 [@glpi]
Externo #1: Nada para ejecutar
2025-07-17 16:22:02 [@glpi]
Externo #1: Nada para ejecutar
2025-07-17 16:24:02 [@glpi]
Externo #1: Nada para ejecutar
2025-07-17 16:26:02 [@glpi]
Externo #1: Nada para ejecutar
2025-07-17 16:28:02 [@glpi]
Externo #1: Nada para ejecutar
2025-07-17 16:30:02 [@glpi]
Externo #1: Ejecutar pendingreason_autobump_autosolve
2025-07-17 16:32:02 [@glpi]
Externo #1: Nada para ejecutar
2025-07-17 16:34:02 [@glpi]
Externo #1: Nada para ejecutar
2025-07-17 16:36:02 [@glpi]
Externo #1: Nada para ejecutar
2025-07-17 16:38:02 [@glpi]
Externo #1: Nada para ejecutar
2025-07-17 16:40:01 [@glpi]
Externo #1: Nada para ejecutar
2025-07-17 16:42:01 [@glpi]
Externo #1: Nada para ejecutar
2025-07-17 16:44:01 [@glpi]
Externo #1: Nada para ejecutar
2025-07-17 16:46:01 [@glpi]
Externo #1: Nada para ejecutar
2025-07-17 16:48:01 [@glpi]
Externo #1: Nada para ejecutar
2025-07-17 16:50:01 [@glpi]
Externo #1: Nada para ejecutar
2025-07-17 16:52:01 [@glpi]
Externo #1: Nada para ejecutar
2025-07-17 16:54:01 [@glpi]
Externo #1: Nada para ejecutar
2025-07-17 16:56:01 [@glpi]
Externo #1: Nada para ejecutar
2025-07-17 16:58:01 [@glpi]
Externo #1: Nada para ejecutar
2025-07-17 17:00:01 [@glpi]
Externo #1: Ejecutar pendingreason_autobump_autosolve
2025-07-17 18:18:02 [@glpi]
Externo #1: Ejecutar pendingreason_autobump_autosolve
2025-07-17 18:20:02 [@glpi]
Externo #1: Nada para ejecutar
2025-07-17 18:22:02 [@glpi]
Externo #1: Nada para ejecutar
2025-07-17 18:24:01 [@glpi]
Externo #1: Nada para ejecutar
2025-07-17 18:26:01 [@glpi]
Externo #1: Nada para ejecutar
2025-07-17 18:28:01 [@glpi]
Externo #1: Nada para ejecutar
2025-07-17 18:30:01 [@glpi]
Externo #1: Nada para ejecutar
2025-07-17 18:32:01 [@glpi]
Externo #1: Nada para ejecutar
2025-07-17 18:34:01 [@glpi]
Externo #1: Nada para ejecutar
2025-07-17 18:36:01 [@glpi]
Externo #1: Nada para ejecutar
2025-07-17 18:38:01 [@glpi]
Externo #1: Nada para ejecutar
2025-07-17 18:40:01 [@glpi]
Externo #1: Nada para ejecutar
2025-07-17 18:42:01 [@glpi]
Externo #1: Nada para ejecutar
2025-07-17 18:44:01 [@glpi]
Externo #1: Nada para ejecutar
2025-07-17 18:46:01 [@glpi]
Externo #1: Nada para ejecutar
2025-07-17 22:04:01 [@glpi]
Externo #1: Ejecutar pendingreason_autobump_autosolve
2025-07-17 22:06:01 [@glpi]
Externo #1: Nada para ejecutar
2025-07-17 22:08:01 [@glpi]
Externo #1: Nada para ejecutar
2025-07-17 22:10:01 [@glpi]
Externo #1: Nada para ejecutar
2025-07-17 22:12:01 [@glpi]
Externo #1: Nada para ejecutar
2025-07-17 22:14:01 [@glpi]
Externo #1: Nada para ejecutar
2025-07-17 22:16:01 [@glpi]
Externo #1: Nada para ejecutar
2025-07-17 22:18:01 [@glpi]
Externo #1: Nada para ejecutar
2025-07-17 22:20:01 [@glpi]
Externo #1: Nada para ejecutar
2025-07-17 22:22:01 [@glpi]
Externo #1: Nada para ejecutar
2025-07-17 22:24:01 [@glpi]
Externo #1: Nada para ejecutar
2025-07-17 22:26:01 [@glpi]
Externo #1: Nada para ejecutar
2025-07-17 22:28:01 [@glpi]
Externo #1: Nada para ejecutar
2025-07-17 22:30:01 [@glpi]
Externo #1: Nada para ejecutar
2025-07-17 22:32:01 [@glpi]
Externo #1: Nada para ejecutar
2025-07-17 22:33:39 [2@glpi]
Interno #1: Ejecutar mailgateerror
2025-07-17 22:34:01 [@glpi]
Externo #1: Ejecutar pendingreason_autobump_autosolve
2025-07-17 22:36:01 [@glpi]
Externo #1: Nada para ejecutar
2025-07-17 22:38:01 [@glpi]
Externo #1: Nada para ejecutar
2025-07-17 22:40:01 [@glpi]
Externo #1: Nada para ejecutar
2025-07-17 22:42:01 [@glpi]
Externo #1: Nada para ejecutar
2025-07-17 22:44:01 [@glpi]
Externo #1: Nada para ejecutar
2025-07-17 22:46:01 [@glpi]
Externo #1: Nada para ejecutar
2025-07-17 22:48:02 [@glpi]
Externo #1: Nada para ejecutar
2025-07-17 22:50:02 [@glpi]
Externo #1: Nada para ejecutar
2025-07-17 22:52:02 [@glpi]
Externo #1: Nada para ejecutar
2025-07-17 22:54:02 [@glpi]
Externo #1: Nada para ejecutar
2025-07-17 22:56:02 [@glpi]
Externo #1: Nada para ejecutar
2025-07-17 22:58:02 [@glpi]
Externo #1: Nada para ejecutar
2025-07-17 23:00:02 [@glpi]
Externo #1: Nada para ejecutar
2025-07-17 23:02:02 [@glpi]
Externo #1: Nada para ejecutar
2025-07-17 23:04:02 [@glpi]
Externo #1: Ejecutar pendingreason_autobump_autosolve
2025-07-17 23:06:02 [@glpi]
Externo #1: Nada para ejecutar
2025-07-17 23:08:02 [@glpi]
Externo #1: Nada para ejecutar
2025-07-17 23:10:01 [@glpi]
Externo #1: Nada para ejecutar
2025-07-17 23:12:01 [@glpi]
Externo #1: Nada para ejecutar
2025-07-17 23:14:01 [@glpi]
Externo #1: Nada para ejecutar
2025-07-17 23:16:01 [@glpi]
Externo #1: Nada para ejecutar
2025-07-17 23:18:01 [@glpi]
Externo #1: Nada para ejecutar
2025-07-17 23:20:01 [@glpi]
Externo #1: Nada para ejecutar
2025-07-17 23:22:01 [@glpi]
Externo #1: Nada para ejecutar
2025-07-17 23:24:01 [@glpi]
Externo #1: Nada para ejecutar
2025-07-17 23:34:01 [@glpi]
Externo #1: Ejecutar pendingreason_autobump_autosolve
2025-07-17 23:36:01 [@glpi]
Externo #1: Nada para ejecutar
2025-07-17 23:38:01 [@glpi]
Externo #1: Nada para ejecutar
2025-07-17 23:40:01 [@glpi]
Externo #1: Nada para ejecutar
2025-07-17 23:42:01 [@glpi]
Externo #1: Nada para ejecutar
2025-07-17 23:44:01 [@glpi]
Externo #1: Nada para ejecutar
2025-07-17 23:46:01 [@glpi]
Externo #1: Nada para ejecutar
2025-07-17 23:47:28 [2@glpi]
Interno #1: Ejecutar certificate
2025-07-17 23:48:01 [@glpi]
Externo #1: Nada para ejecutar
2025-07-17 23:50:01 [@glpi]
Externo #1: Nada para ejecutar
2025-07-17 23:52:01 [@glpi]
Externo #1: Nada para ejecutar
2025-07-17 23:54:01 [@glpi]
Externo #1: Nada para ejecutar
2025-07-17 23:56:01 [@glpi]
Externo #1: Nada para ejecutar
2025-07-17 23:58:01 [@glpi]
Externo #1: Nada para ejecutar
2025-07-18 00:00:01 [@glpi]
Externo #1: Nada para ejecutar
2025-07-18 00:02:01 [@glpi]
Externo #1: Nada para ejecutar
2025-07-18 15:38:02 [@glpi]
Externo #1: Ejecutar pendingreason_autobump_autosolve
2025-07-18 15:38:02 [@glpi]
Externo #2: Ejecutar checkAllUpdates
2025-07-18 15:38:02 [@glpi]
Externo #3: Ejecutar DomainsAlert
2025-07-18 15:38:02 [@glpi]
Externo #4: Ejecutar Cleanoldagents
2025-07-18 15:40:01 [@glpi]
Externo #1: Nada para ejecutar
2025-07-18 15:42:01 [@glpi]
Externo #1: Nada para ejecutar
2025-07-18 15:44:01 [@glpi]
Externo #1: Nada para ejecutar
2025-07-18 15:46:01 [@glpi]
Externo #1: Nada para ejecutar
2025-07-18 15:48:01 [@glpi]
Externo #1: Nada para ejecutar
2025-07-18 15:50:01 [@glpi]
Externo #1: Nada para ejecutar
2025-07-18 15:52:01 [@glpi]
Externo #1: Nada para ejecutar
2025-07-18 15:54:01 [@glpi]
Externo #1: Nada para ejecutar
2025-07-18 15:56:01 [@glpi]
Externo #1: Nada para ejecutar
2025-07-18 15:58:01 [@glpi]
Externo #1: Nada para ejecutar
2025-07-18 16:00:01 [@glpi]
Externo #1: Nada para ejecutar
2025-07-18 16:02:01 [@glpi]
Externo #1: Nada para ejecutar
2025-07-18 16:04:01 [@glpi]
Externo #1: Nada para ejecutar
2025-07-18 16:06:01 [@glpi]
Externo #1: Nada para ejecutar
2025-07-18 16:08:01 [@glpi]
Externo #1: Ejecutar pendingreason_autobump_autosolve
2025-07-18 16:10:01 [@glpi]
Externo #1: Nada para ejecutar
2025-07-18 16:12:01 [@glpi]
Externo #1: Nada para ejecutar
2025-07-18 16:14:01 [@glpi]
Externo #1: Nada para ejecutar
2025-07-18 16:16:01 [@glpi]
Externo #1: Nada para ejecutar
2025-07-18 16:18:01 [@glpi]
Externo #1: Nada para ejecutar
2025-07-18 16:20:01 [@glpi]
Externo #1: Nada para ejecutar
2025-07-18 16:22:01 [@glpi]
Externo #1: Nada para ejecutar
2025-07-18 16:24:01 [@glpi]
Externo #1: Nada para ejecutar
2025-07-18 16:26:01 [@glpi]
Externo #1: Nada para ejecutar
2025-07-18 16:28:01 [@glpi]
Externo #1: Nada para ejecutar
2025-07-18 16:30:01 [@glpi]
Externo #1: Nada para ejecutar
2025-07-18 16:32:01 [@glpi]
Externo #1: Nada para ejecutar
2025-07-18 16:34:01 [@glpi]
Externo #1: Nada para ejecutar
2025-07-18 16:36:01 [@glpi]
Externo #1: Nada para ejecutar
2025-07-18 16:38:01 [@glpi]
Externo #1: Ejecutar pendingreason_autobump_autosolve
2025-07-18 16:40:01 [@glpi]
Externo #1: Nada para ejecutar
2025-07-18 16:42:01 [@glpi]
Externo #1: Nada para ejecutar
2025-07-18 16:44:01 [@glpi]
Externo #1: Nada para ejecutar
2025-07-18 16:46:01 [@glpi]
Externo #1: Nada para ejecutar
2025-07-18 16:48:01 [@glpi]
Externo #1: Nada para ejecutar
2025-07-18 16:50:01 [@glpi]
Externo #1: Nada para ejecutar
2025-07-18 16:52:01 [@glpi]
Externo #1: Nada para ejecutar
2025-07-18 16:54:01 [@glpi]
Externo #1: Nada para ejecutar
2025-07-18 16:56:01 [@glpi]
Externo #1: Nada para ejecutar
2025-07-18 16:58:01 [@glpi]
Externo #1: Nada para ejecutar
2025-07-18 17:00:01 [@glpi]
Externo #1: Nada para ejecutar
2025-07-18 17:02:01 [@glpi]
Externo #1: Nada para ejecutar
2025-07-18 17:04:01 [@glpi]
Externo #1: Nada para ejecutar
2025-07-18 17:06:01 [@glpi]
Externo #1: Nada para ejecutar
2025-07-18 17:08:01 [@glpi]
Externo #1: Ejecutar pendingreason_autobump_autosolve
2025-07-18 17:10:01 [@glpi]
Externo #1: Nada para ejecutar
2025-07-18 17:12:01 [@glpi]
Externo #1: Nada para ejecutar
2025-07-18 17:14:01 [@glpi]
Externo #1: Nada para ejecutar
2025-07-18 17:17:13 [@glpi]
Externo #1: Nada para ejecutar
2025-07-18 17:18:01 [@glpi]
Externo #1: Nada para ejecutar
2025-07-18 17:20:01 [@glpi]
Externo #1: Nada para ejecutar
2025-07-18 17:22:01 [@glpi]
Externo #1: Nada para ejecutar
2025-07-18 17:24:01 [@glpi]
Externo #1: Nada para ejecutar
2025-07-18 17:26:01 [@glpi]
Externo #1: Nada para ejecutar
2025-07-18 17:28:01 [@glpi]
Externo #1: Nada para ejecutar
2025-07-18 17:30:01 [@glpi]
Externo #1: Nada para ejecutar
2025-07-18 17:32:01 [@glpi]
Externo #1: Nada para ejecutar
2025-07-18 17:34:01 [@glpi]
Externo #1: Nada para ejecutar
2025-07-18 17:36:01 [@glpi]
Externo #1: Nada para ejecutar
2025-07-18 17:38:01 [@glpi]
Externo #1: Ejecutar pendingreason_autobump_autosolve
2025-07-18 17:40:01 [@glpi]
Externo #1: Nada para ejecutar
2025-07-18 17:42:01 [@glpi]
Externo #1: Nada para ejecutar
2025-07-18 17:44:01 [@glpi]
Externo #1: Nada para ejecutar
2025-07-18 17:46:01 [@glpi]
Externo #1: Nada para ejecutar
2025-07-18 17:48:01 [@glpi]
Externo #1: Nada para ejecutar
2025-07-18 17:50:01 [@glpi]
Externo #1: Nada para ejecutar
2025-07-18 17:52:01 [@glpi]
Externo #1: Nada para ejecutar
2025-07-18 17:54:01 [@glpi]
Externo #1: Nada para ejecutar
2025-07-18 17:56:01 [@glpi]
Externo #1: Nada para ejecutar
2025-07-18 17:58:01 [@glpi]
Externo #1: Nada para ejecutar
2025-07-18 18:00:01 [@glpi]
Externo #1: Nada para ejecutar
2025-07-18 18:02:01 [@glpi]
Externo #1: Nada para ejecutar
2025-07-18 18:04:01 [@glpi]
Externo #1: Nada para ejecutar
2025-07-18 18:06:01 [@glpi]
Externo #1: Nada para ejecutar
2025-07-18 18:08:01 [@glpi]
Externo #1: Ejecutar pendingreason_autobump_autosolve
2025-07-18 18:10:01 [@glpi]
Externo #1: Nada para ejecutar
2025-07-18 18:12:01 [@glpi]
Externo #1: Nada para ejecutar
2025-07-18 18:14:01 [@glpi]
Externo #1: Nada para ejecutar
2025-07-18 18:16:01 [@glpi]
Externo #1: Nada para ejecutar
2025-07-18 18:18:01 [@glpi]
Externo #1: Nada para ejecutar
2025-07-18 18:20:01 [@glpi]
Externo #1: Nada para ejecutar
2025-07-18 18:22:01 [@glpi]
Externo #1: Nada para ejecutar
2025-07-18 18:24:01 [@glpi]
Externo #1: Nada para ejecutar
2025-07-18 18:26:01 [@glpi]
Externo #1: Nada para ejecutar
2025-07-18 18:28:01 [@glpi]
Externo #1: Nada para ejecutar
2025-07-18 18:30:01 [@glpi]
Externo #1: Nada para ejecutar
2025-07-18 22:44:01 [@glpi]
Externo #1: Ejecutar pendingreason_autobump_autosolve
2025-07-18 22:46:01 [@glpi]
Externo #1: Nada para ejecutar
2025-07-18 22:48:01 [@glpi]
Externo #1: Nada para ejecutar
2025-07-18 22:49:29 [@glpi]
Interno #1: Ejecutar olaticket
2025-07-18 22:50:01 [@glpi]
Externo #1: Nada para ejecutar
2025-07-18 22:50:33 [@glpi]
Interno #1: Lanzar contract
2025-07-18 22:52:01 [@glpi]
Externo #1: Nada para ejecutar
2025-07-18 22:54:01 [@glpi]
Externo #1: Nada para ejecutar
2025-07-18 22:56:01 [@glpi]
Externo #1: Nada para ejecutar
2025-07-18 22:58:01 [@glpi]
Externo #1: Nada para ejecutar
2025-07-18 23:00:01 [@glpi]
Externo #1: Nada para ejecutar
2025-07-18 23:02:01 [@glpi]
Externo #1: Nada para ejecutar
2025-07-18 23:04:01 [@glpi]
Externo #1: Nada para ejecutar
2025-07-18 23:06:01 [@glpi]
Externo #1: Nada para ejecutar
2025-07-18 23:08:01 [@glpi]
Externo #1: Nada para ejecutar
2025-07-18 23:10:01 [@glpi]
Externo #1: Nada para ejecutar
2025-07-18 23:12:01 [@glpi]
Externo #1: Nada para ejecutar
2025-07-18 23:14:02 [@glpi]
Externo #1: Ejecutar pendingreason_autobump_autosolve
2025-07-18 23:16:02 [@glpi]
Externo #1: Nada para ejecutar
2025-07-18 23:18:02 [@glpi]
Externo #1: Nada para ejecutar
2025-07-18 23:20:02 [@glpi]
Externo #1: Nada para ejecutar
2025-07-18 23:22:02 [@glpi]
Externo #1: Nada para ejecutar
2025-07-18 23:24:02 [@glpi]
Externo #1: Nada para ejecutar
2025-07-18 23:26:02 [@glpi]
Externo #1: Nada para ejecutar
2025-07-18 23:28:02 [@glpi]
Externo #1: Nada para ejecutar
2025-07-18 23:30:02 [@glpi]
Externo #1: Nada para ejecutar
2025-07-18 23:32:02 [@glpi]
Externo #1: Nada para ejecutar
2025-07-18 23:34:02 [@glpi]
Externo #1: Nada para ejecutar
2025-07-18 23:36:02 [@glpi]
Externo #1: Nada para ejecutar
2025-07-18 23:38:02 [@glpi]
Externo #1: Nada para ejecutar
2025-07-18 23:40:01 [@glpi]
Externo #1: Nada para ejecutar
2025-07-18 23:42:01 [@glpi]
Externo #1: Nada para ejecutar
2025-07-18 23:44:01 [@glpi]
Externo #1: Ejecutar pendingreason_autobump_autosolve
2025-07-18 23:46:01 [@glpi]
Externo #1: Nada para ejecutar
2025-07-18 23:48:01 [@glpi]
Externo #1: Nada para ejecutar
2025-07-18 23:50:01 [@glpi]
Externo #1: Nada para ejecutar
2025-07-18 23:52:01 [@glpi]
Externo #1: Nada para ejecutar
2025-07-18 23:54:01 [@glpi]
Externo #1: Nada para ejecutar
2025-07-19 00:14:02 [@glpi]
Externo #1: Ejecutar PurgeLogs
2025-07-19 00:14:02 [@glpi]
Externo #2: Ejecutar cleanorphans
2025-07-19 00:14:02 [@glpi]
Externo #3: Ejecutar pendingreason_autobump_autosolve
2025-07-19 00:16:01 [@glpi]
Externo #1: Nada para ejecutar
2025-07-19 00:18:02 [@glpi]
Externo #1: Nada para ejecutar
2025-07-19 18:00:29 [@glpi]
Externo #1: Ejecutar pendingreason_autobump_autosolve
2025-07-19 18:00:29 [@glpi]
Externo #2: Ejecutar checkAllUpdates
2025-07-19 18:00:29 [@glpi]
Externo #3: Ejecutar DomainsAlert
2025-07-19 18:00:29 [@glpi]
Externo #4: Ejecutar Cleanoldagents
2025-07-19 18:02:01 [@glpi]
Externo #1: Nada para ejecutar
2025-07-19 18:04:01 [@glpi]
Externo #1: Nada para ejecutar
2025-07-19 18:06:01 [@glpi]
Externo #1: Nada para ejecutar
2025-07-19 18:08:01 [@glpi]
Externo #1: Nada para ejecutar
2025-07-19 18:10:01 [@glpi]
Externo #1: Nada para ejecutar
2025-07-19 18:12:01 [@glpi]
Externo #1: Nada para ejecutar
2025-07-19 18:14:01 [@glpi]
Externo #1: Nada para ejecutar
2025-07-19 18:16:01 [@glpi]
Externo #1: Nada para ejecutar
2025-07-19 18:18:01 [@glpi]
Externo #1: Nada para ejecutar
2025-07-19 18:20:01 [@glpi]
Externo #1: Nada para ejecutar
2025-07-19 18:22:01 [@glpi]
Externo #1: Nada para ejecutar
2025-07-19 18:24:01 [@glpi]
Externo #1: Nada para ejecutar
2025-07-19 18:26:01 [@glpi]
Externo #1: Nada para ejecutar
2025-07-19 18:28:01 [@glpi]
Externo #1: Nada para ejecutar
2025-07-19 18:30:01 [@glpi]
Externo #1: Ejecutar pendingreason_autobump_autosolve
2025-07-19 18:32:01 [@glpi]
Externo #1: Nada para ejecutar
2025-07-19 18:34:01 [@glpi]
Externo #1: Nada para ejecutar
2025-07-19 18:36:01 [@glpi]
Externo #1: Nada para ejecutar
2025-07-19 18:38:01 [@glpi]
Externo #1: Nada para ejecutar
2025-07-19 18:40:01 [@glpi]
Externo #1: Nada para ejecutar
2025-07-19 18:42:01 [@glpi]
Externo #1: Nada para ejecutar
2025-07-19 18:44:01 [@glpi]
Externo #1: Nada para ejecutar
2025-07-19 18:46:01 [@glpi]
Externo #1: Nada para ejecutar
2025-07-19 18:48:01 [@glpi]
Externo #1: Nada para ejecutar
2025-07-19 18:50:01 [@glpi]
Externo #1: Nada para ejecutar
2025-07-19 18:52:01 [@glpi]
Externo #1: Nada para ejecutar
2025-07-19 18:54:01 [@glpi]
Externo #1: Nada para ejecutar
2025-07-19 18:56:01 [@glpi]
Externo #1: Nada para ejecutar
2025-07-19 18:58:01 [@glpi]
Externo #1: Nada para ejecutar
2025-07-19 19:00:01 [@glpi]
Externo #1: Ejecutar pendingreason_autobump_autosolve
2025-07-19 19:02:01 [@glpi]
Externo #1: Nada para ejecutar
2025-07-19 19:04:01 [@glpi]
Externo #1: Nada para ejecutar
2025-07-19 19:06:01 [@glpi]
Externo #1: Nada para ejecutar
2025-07-19 19:08:01 [@glpi]
Externo #1: Nada para ejecutar
2025-07-19 19:10:01 [@glpi]
Externo #1: Nada para ejecutar
2025-07-19 19:12:01 [@glpi]
Externo #1: Nada para ejecutar
2025-07-19 19:14:01 [@glpi]
Externo #1: Nada para ejecutar
2025-07-19 19:16:01 [@glpi]
Externo #1: Nada para ejecutar
2025-07-19 19:18:01 [@glpi]
Externo #1: Nada para ejecutar
2025-07-19 19:20:01 [@glpi]
Externo #1: Nada para ejecutar
2025-07-19 19:22:01 [@glpi]
Externo #1: Nada para ejecutar
2025-07-19 19:24:01 [@glpi]
Externo #1: Nada para ejecutar
2025-07-19 19:26:01 [@glpi]
Externo #1: Nada para ejecutar
2025-07-19 19:28:01 [@glpi]
Externo #1: Nada para ejecutar
2025-07-19 19:30:01 [@glpi]
Externo #1: Ejecutar pendingreason_autobump_autosolve
2025-07-19 19:32:01 [@glpi]
Externo #1: Nada para ejecutar
2025-07-19 19:34:01 [@glpi]
Externo #1: Nada para ejecutar
2025-07-19 19:36:01 [@glpi]
Externo #1: Nada para ejecutar
2025-07-19 19:38:01 [@glpi]
Externo #1: Nada para ejecutar
2025-07-19 19:40:01 [@glpi]
Externo #1: Nada para ejecutar
2025-07-19 19:42:01 [@glpi]
Externo #1: Nada para ejecutar
2025-07-19 19:44:01 [@glpi]
Externo #1: Nada para ejecutar
2025-07-19 19:46:01 [@glpi]
Externo #1: Nada para ejecutar
2025-07-19 19:48:01 [@glpi]
Externo #1: Nada para ejecutar
2025-07-19 19:50:01 [@glpi]
Externo #1: Nada para ejecutar
2025-07-19 19:52:02 [@glpi]
Externo #1: Nada para ejecutar
2025-07-19 19:54:02 [@glpi]
Externo #1: Nada para ejecutar
2025-07-19 19:56:02 [@glpi]
Externo #1: Nada para ejecutar
2025-07-19 19:58:02 [@glpi]
Externo #1: Nada para ejecutar
2025-07-19 20:00:02 [@glpi]
Externo #1: Ejecutar pendingreason_autobump_autosolve
2025-07-19 20:02:02 [@glpi]
Externo #1: Nada para ejecutar
2025-07-19 20:04:02 [@glpi]
Externo #1: Nada para ejecutar
2025-07-19 20:06:02 [@glpi]
Externo #1: Nada para ejecutar
2025-07-19 20:08:02 [@glpi]
Externo #1: Nada para ejecutar
2025-07-19 20:10:01 [@glpi]
Externo #1: Nada para ejecutar
2025-07-19 20:12:01 [@glpi]
Externo #1: Nada para ejecutar
2025-07-19 20:14:01 [@glpi]
Externo #1: Nada para ejecutar
2025-07-19 20:16:01 [@glpi]
Externo #1: Nada para ejecutar
2025-07-19 20:18:01 [@glpi]
Externo #1: Nada para ejecutar
2025-07-19 20:20:01 [@glpi]
Externo #1: Nada para ejecutar
2025-07-19 20:22:01 [@glpi]
Externo #1: Nada para ejecutar
2025-07-19 20:24:01 [@glpi]
Externo #1: Nada para ejecutar
2025-07-19 20:26:01 [@glpi]
Externo #1: Nada para ejecutar
2025-07-19 20:28:01 [@glpi]
Externo #1: Nada para ejecutar
2025-07-19 20:30:01 [@glpi]
Externo #1: Ejecutar pendingreason_autobump_autosolve
2025-07-19 20:32:01 [@glpi]
Externo #1: Nada para ejecutar
2025-07-19 20:34:01 [@glpi]
Externo #1: Nada para ejecutar
2025-07-19 20:36:01 [@glpi]
Externo #1: Nada para ejecutar
2025-07-19 20:38:01 [@glpi]
Externo #1: Nada para ejecutar
2025-07-19 20:40:01 [@glpi]
Externo #1: Nada para ejecutar
2025-07-21 20:56:01 [@glpi]
Externo #1: Ejecutar pendingreason_autobump_autosolve
2025-07-21 20:56:01 [@glpi]
Externo #2: Ejecutar checkAllUpdates
2025-07-21 20:56:01 [@glpi]
Externo #3: Ejecutar DomainsAlert
2025-07-21 20:56:01 [@glpi]
Externo #4: Ejecutar Cleanoldagents
2025-07-21 20:58:01 [2@glpi]
Interno #1: Ejecutar infocom
2025-07-21 20:58:01 [@glpi]
Externo #1: Nada para ejecutar
2025-07-21 21:00:01 [@glpi]
Externo #1: Nada para ejecutar
2025-07-21 21:02:01 [@glpi]
Externo #1: Nada para ejecutar
2025-07-21 21:04:01 [@glpi]
Externo #1: Nada para ejecutar
2025-07-21 21:06:01 [@glpi]
Externo #1: Nada para ejecutar
2025-07-21 21:08:01 [@glpi]
Externo #1: Nada para ejecutar
2025-07-21 21:10:01 [@glpi]
Externo #1: Nada para ejecutar
2025-07-21 21:12:01 [@glpi]
Externo #1: Nada para ejecutar
2025-07-21 21:14:01 [@glpi]
Externo #1: Nada para ejecutar
2025-07-21 21:16:01 [@glpi]
Externo #1: Nada para ejecutar
2025-07-21 21:18:01 [@glpi]
Externo #1: Nada para ejecutar
2025-07-21 21:20:01 [@glpi]
Externo #1: Nada para ejecutar
2025-07-21 21:22:01 [@glpi]
Externo #1: Nada para ejecutar
2025-07-21 21:24:01 [@glpi]
Externo #1: Nada para ejecutar
2025-07-21 21:26:01 [@glpi]
Externo #1: Ejecutar pendingreason_autobump_autosolve
2025-07-21 21:28:01 [@glpi]
Externo #1: Nada para ejecutar
2025-07-21 21:30:01 [@glpi]
Externo #1: Nada para ejecutar
2025-07-21 21:32:01 [@glpi]
Externo #1: Nada para ejecutar
2025-07-21 21:34:01 [@glpi]
Externo #1: Nada para ejecutar
2025-07-21 21:36:01 [@glpi]
Externo #1: Nada para ejecutar
2025-07-21 21:38:01 [@glpi]
Externo #1: Nada para ejecutar
2025-07-21 21:40:01 [@glpi]
Externo #1: Nada para ejecutar
2025-07-21 21:42:01 [@glpi]
Externo #1: Nada para ejecutar
2025-07-21 21:44:01 [@glpi]
Externo #1: Nada para ejecutar
2025-07-21 21:46:01 [@glpi]
Externo #1: Nada para ejecutar
2025-07-21 21:48:01 [@glpi]
Externo #1: Nada para ejecutar
2025-07-21 21:50:02 [@glpi]
Externo #1: Nada para ejecutar
2025-07-21 21:52:02 [@glpi]
Externo #1: Nada para ejecutar
2025-07-21 21:54:02 [@glpi]
Externo #1: Nada para ejecutar
2025-07-21 21:56:02 [@glpi]
Externo #1: Ejecutar pendingreason_autobump_autosolve
2025-07-21 21:58:02 [@glpi]
Externo #1: Nada para ejecutar
2025-07-21 22:00:02 [@glpi]
Externo #1: Nada para ejecutar
2025-07-21 22:02:02 [@glpi]
Externo #1: Nada para ejecutar
2025-07-21 22:04:02 [@glpi]
Externo #1: Nada para ejecutar
2025-07-21 22:06:02 [@glpi]
Externo #1: Nada para ejecutar
2025-07-21 22:08:02 [@glpi]
Externo #1: Nada para ejecutar
2025-07-21 22:10:01 [@glpi]
Externo #1: Nada para ejecutar
2025-07-21 22:12:01 [@glpi]
Externo #1: Nada para ejecutar
2025-07-21 22:14:01 [@glpi]
Externo #1: Nada para ejecutar
2025-07-21 22:16:01 [@glpi]
Externo #1: Nada para ejecutar
2025-07-21 22:18:01 [@glpi]
Externo #1: Nada para ejecutar
2025-07-21 22:20:01 [@glpi]
Externo #1: Nada para ejecutar
2025-07-21 22:22:01 [@glpi]
Externo #1: Nada para ejecutar
2025-07-21 22:24:01 [@glpi]
Externo #1: Nada para ejecutar
2025-07-21 22:26:01 [@glpi]
Externo #1: Ejecutar pendingreason_autobump_autosolve
2025-07-21 22:28:01 [@glpi]
Externo #1: Nada para ejecutar
2025-07-21 22:30:01 [@glpi]
Externo #1: Nada para ejecutar
2025-07-21 22:32:01 [@glpi]
Externo #1: Nada para ejecutar
2025-07-21 22:34:01 [@glpi]
Externo #1: Nada para ejecutar
2025-07-21 22:36:01 [@glpi]
Externo #1: Nada para ejecutar
2025-07-21 22:38:01 [@glpi]
Externo #1: Nada para ejecutar
2025-07-21 22:40:01 [@glpi]
Externo #1: Nada para ejecutar
2025-07-21 22:42:01 [@glpi]
Externo #1: Nada para ejecutar
2025-07-21 22:44:01 [@glpi]
Externo #1: Nada para ejecutar
2025-07-21 22:46:01 [@glpi]
Externo #1: Nada para ejecutar
2025-07-21 22:48:01 [@glpi]
Externo #1: Nada para ejecutar
2025-07-21 22:50:01 [@glpi]
Externo #1: Nada para ejecutar
2025-07-21 22:52:01 [@glpi]
Externo #1: Nada para ejecutar
2025-07-21 22:54:01 [@glpi]
Externo #1: Nada para ejecutar
2025-07-21 22:56:01 [@glpi]
Externo #1: Ejecutar pendingreason_autobump_autosolve
2025-07-21 22:58:01 [@glpi]
Externo #1: Nada para ejecutar
2025-07-21 23:00:01 [@glpi]
Externo #1: Nada para ejecutar
2025-07-21 23:02:01 [@glpi]
Externo #1: Nada para ejecutar
2025-07-21 23:04:01 [@glpi]
Externo #1: Nada para ejecutar
2025-07-21 23:06:01 [@glpi]
Externo #1: Nada para ejecutar
2025-07-21 23:08:01 [@glpi]
Externo #1: Nada para ejecutar
2025-07-21 23:10:01 [@glpi]
Externo #1: Nada para ejecutar
2025-07-21 23:12:01 [@glpi]
Externo #1: Nada para ejecutar
2025-07-21 23:14:01 [@glpi]
Externo #1: Nada para ejecutar
2025-07-21 23:16:01 [@glpi]
Externo #1: Nada para ejecutar
2025-07-21 23:18:01 [@glpi]
Externo #1: Nada para ejecutar
2025-07-21 23:20:01 [@glpi]
Externo #1: Nada para ejecutar
2025-07-21 23:22:01 [@glpi]
Externo #1: Nada para ejecutar
2025-07-21 23:24:01 [@glpi]
Externo #1: Nada para ejecutar
2025-07-21 23:26:01 [@glpi]
Externo #1: Ejecutar pendingreason_autobump_autosolve
2025-07-21 23:28:01 [@glpi]
Externo #1: Nada para ejecutar
2025-07-21 23:30:01 [@glpi]
Externo #1: Nada para ejecutar
2025-07-21 23:32:01 [@glpi]
Externo #1: Nada para ejecutar
2025-07-21 23:34:01 [@glpi]
Externo #1: Nada para ejecutar
2025-07-21 23:36:01 [@glpi]
Externo #1: Nada para ejecutar
2025-07-21 23:38:01 [@glpi]
Externo #1: Nada para ejecutar
2025-07-21 23:40:01 [@glpi]
Externo #1: Nada para ejecutar
2025-07-21 23:43:37 [@glpi]
Externo #1: Nada para ejecutar
2025-07-21 23:44:01 [@glpi]
Externo #1: Nada para ejecutar
2025-07-22 15:28:34 [@glpi]
Externo #1: Ejecutar pendingreason_autobump_autosolve
2025-07-22 15:30:01 [@glpi]
Externo #1: Nada para ejecutar
2025-07-22 15:32:01 [@glpi]
Externo #1: Nada para ejecutar
2025-07-22 15:34:01 [@glpi]
Externo #1: Nada para ejecutar
2025-07-22 15:36:01 [@glpi]
Externo #1: Nada para ejecutar
2025-07-22 15:38:01 [@glpi]
Externo #1: Nada para ejecutar
2025-07-22 15:40:01 [@glpi]
Externo #1: Nada para ejecutar
2025-07-22 15:42:01 [@glpi]
Externo #1: Nada para ejecutar
2025-07-22 15:44:01 [@glpi]
Externo #1: Nada para ejecutar
2025-07-22 15:46:01 [@glpi]
Externo #1: Nada para ejecutar
2025-07-22 15:48:01 [@glpi]
Externo #1: Nada para ejecutar
2025-07-22 15:50:01 [@glpi]
Externo #1: Nada para ejecutar
2025-07-22 15:52:01 [@glpi]
Externo #1: Nada para ejecutar
2025-07-22 15:54:01 [@glpi]
Externo #1: Nada para ejecutar
2025-07-22 15:56:01 [@glpi]
Externo #1: Nada para ejecutar
2025-07-22 15:58:01 [@glpi]
Externo #1: Ejecutar pendingreason_autobump_autosolve
2025-07-22 16:00:01 [@glpi]
Externo #1: Nada para ejecutar
2025-07-22 16:02:01 [@glpi]
Externo #1: Nada para ejecutar
2025-07-22 16:04:01 [@glpi]
Externo #1: Nada para ejecutar
2025-07-22 16:06:01 [@glpi]
Externo #1: Nada para ejecutar
2025-07-22 16:08:01 [@glpi]
Externo #1: Nada para ejecutar
2025-07-22 16:10:01 [@glpi]
Externo #1: Nada para ejecutar
2025-07-22 16:12:01 [@glpi]
Externo #1: Nada para ejecutar
2025-07-22 16:14:01 [@glpi]
Externo #1: Nada para ejecutar
2025-07-22 16:16:01 [@glpi]
Externo #1: Nada para ejecutar
2025-07-22 16:18:01 [@glpi]
Externo #1: Nada para ejecutar
2025-07-22 16:20:01 [@glpi]
Externo #1: Nada para ejecutar
2025-07-22 16:22:01 [@glpi]
Externo #1: Nada para ejecutar
2025-07-22 16:24:01 [@glpi]
Externo #1: Nada para ejecutar
2025-07-22 16:26:01 [@glpi]
Externo #1: Nada para ejecutar
2025-07-22 16:28:01 [@glpi]
Externo #1: Ejecutar pendingreason_autobump_autosolve
2025-07-22 16:30:01 [@glpi]
Externo #1: Nada para ejecutar
2025-07-22 16:32:01 [@glpi]
Externo #1: Nada para ejecutar
2025-07-22 16:34:01 [@glpi]
Externo #1: Nada para ejecutar
2025-07-22 16:36:01 [@glpi]
Externo #1: Nada para ejecutar
2025-07-22 16:38:01 [@glpi]
Externo #1: Nada para ejecutar
2025-07-22 16:40:01 [@glpi]
Externo #1: Nada para ejecutar
2025-07-22 16:42:02 [@glpi]
Externo #1: Nada para ejecutar
2025-07-22 16:44:01 [@glpi]
Externo #1: Nada para ejecutar
2025-07-22 16:46:02 [@glpi]
Externo #1: Nada para ejecutar
2025-07-22 16:48:01 [@glpi]
Externo #1: Nada para ejecutar
2025-07-22 16:50:01 [@glpi]
Externo #1: Nada para ejecutar
2025-07-22 16:52:01 [@glpi]
Externo #1: Nada para ejecutar
2025-07-22 16:54:01 [@glpi]
Externo #1: Nada para ejecutar
2025-07-22 16:56:02 [@glpi]
Externo #1: Nada para ejecutar
2025-07-22 16:58:02 [@glpi]
Externo #1: Ejecutar pendingreason_autobump_autosolve
2025-07-22 17:00:02 [@glpi]
Externo #1: Nada para ejecutar
2025-07-22 17:02:02 [@glpi]
Externo #1: Nada para ejecutar
2025-07-22 17:04:02 [@glpi]
Externo #1: Nada para ejecutar
2025-07-22 17:06:02 [@glpi]
Externo #1: Nada para ejecutar
2025-07-22 17:08:02 [@glpi]
Externo #1: Nada para ejecutar
2025-07-22 17:10:01 [@glpi]
Externo #1: Nada para ejecutar
2025-07-22 17:12:01 [@glpi]
Externo #1: Nada para ejecutar
2025-07-22 17:14:01 [@glpi]
Externo #1: Nada para ejecutar
2025-07-22 17:16:01 [@glpi]
Externo #1: Nada para ejecutar
2025-07-22 17:18:01 [@glpi]
Externo #1: Nada para ejecutar
2025-07-22 17:20:01 [@glpi]
Externo #1: Nada para ejecutar
2025-07-22 17:22:01 [@glpi]
Externo #1: Nada para ejecutar
2025-07-22 17:24:01 [@glpi]
Externo #1: Nada para ejecutar
2025-07-22 17:26:01 [@glpi]
Externo #1: Nada para ejecutar
2025-07-22 17:28:01 [@glpi]
Externo #1: Ejecutar pendingreason_autobump_autosolve
2025-07-22 17:30:01 [@glpi]
Externo #1: Nada para ejecutar
2025-07-22 17:32:01 [@glpi]
Externo #1: Nada para ejecutar
2025-07-22 17:34:01 [@glpi]
Externo #1: Nada para ejecutar
2025-07-22 17:36:01 [@glpi]
Externo #1: Nada para ejecutar
